<?xml version="1.0" encoding="UTF-8"?>
<testsuite xmlns:xsi="http://www.w3.org/2001/XMLSchema-instance" xsi:noNamespaceSchemaLocation="https://maven.apache.org/surefire/maven-surefire-plugin/xsd/surefire-test-report-3.0.xsd" version="3.0" name="com.paymentchain.billing.BasicApplicationTests" time="22.998" tests="1" errors="0" skipped="0" failures="0">
  <properties>
[...]
</properties>
  <testcase name="contextLoads" classname="com.paymentchain.billing.BasicApplicationTests" time="0.87">
    <system-out><![CDATA[14:53:05.279 [main] INFO org.springframework.test.context.support.AnnotationConfigContextLoaderUtils -- Could not detect default configuration classes for test class [com.paymentchain.billing.BasicApplicationTests]: BasicApplicationTests does not declare any static, non-private, non-final, nested classes annotated with @Configuration.
14:53:05.533 [main] INFO org.springframework.boot.test.context.SpringBootTestContextBootstrapper -- Found @SpringBootConfiguration com.paymentchain.billing.InvoiceApplication for test class com.paymentchain.billing.BasicApplicationTests

  .   ____          _            __ _ _
 /\\ / ___'_ __ _ _(_)_ __  __ _ \ \ \ \
( ( )\___ | '_ | '_| | '_ \/ _` | \ \ \ \
 \\/  ___)| |_)| | | | | || (_| |  ) ) ) )
  '  |____| .__|_| |_|_| |_\__, | / / / /
 =========|_|==============|___/=/_/_/_/
 :: Spring Boot ::                (v3.2.2)

2025-07-21T14:53:06.598-05:00  INFO 21948 --- [           main] c.p.billing.BasicApplicationTests        : Starting BasicApplicationTests using Java 17.0.14 with PID 21948 (started by lalar in C:\curso\paymentchainparent_customer_product_webclient\billing)
2025-07-21T14:53:06.601-05:00  INFO 21948 --- [           main] c.p.billing.BasicApplicationTests        : No active profile set, falling back to 1 default profile: "default"
2025-07-21T14:53:09.475-05:00  INFO 21948 --- [           main] .s.d.r.c.RepositoryConfigurationDelegate : Bootstrapping Spring Data JPA repositories in DEFAULT mode.
2025-07-21T14:53:09.571-05:00  INFO 21948 --- [           main] .s.d.r.c.RepositoryConfigurationDelegate : Finished Spring Data repository scanning in 77 ms. Found 1 JPA repository interface.
2025-07-21T14:53:11.309-05:00  INFO 21948 --- [           main] com.zaxxer.hikari.HikariDataSource       : HikariPool-1 - Starting...
2025-07-21T14:53:12.454-05:00  INFO 21948 --- [           main] com.zaxxer.hikari.pool.HikariPool        : HikariPool-1 - Added connection conn0: url=jdbc:h2:mem:46954f3a-a7c0-43c0-ba4d-52bcd979112b user=SA
2025-07-21T14:53:12.458-05:00  INFO 21948 --- [           main] com.zaxxer.hikari.HikariDataSource       : HikariPool-1 - Start completed.
2025-07-21T14:53:12.641-05:00  INFO 21948 --- [           main] o.hibernate.jpa.internal.util.LogHelper  : HHH000204: Processing PersistenceUnitInfo [name: default]
2025-07-21T14:53:12.990-05:00  INFO 21948 --- [           main] org.hibernate.Version                    : HHH000412: Hibernate ORM core version 6.4.1.Final
2025-07-21T14:53:13.176-05:00  INFO 21948 --- [           main] o.h.c.internal.RegionFactoryInitiator    : HHH000026: Second-level cache disabled
2025-07-21T14:53:14.134-05:00  INFO 21948 --- [           main] o.s.o.j.p.SpringPersistenceUnitInfo      : No LoadTimeWeaver setup: ignoring JPA class transformer
2025-07-21T14:53:17.137-05:00  INFO 21948 --- [           main] o.h.e.t.j.p.i.JtaPlatformInitiator       : HHH000489: No JTA platform available (set 'hibernate.transaction.jta.platform' to enable JTA platform integration)
2025-07-21T14:53:17.282-05:00  INFO 21948 --- [           main] j.LocalContainerEntityManagerFactoryBean : Initialized JPA EntityManagerFactory for persistence unit 'default'
2025-07-21T14:53:21.316-05:00  WARN 21948 --- [           main] JpaBaseConfiguration$JpaWebConfiguration : spring.jpa.open-in-view is enabled by default. Therefore, database queries may be performed during view rendering. Explicitly configure spring.jpa.open-in-view to disable this warning
2025-07-21T14:53:26.662-05:00  INFO 21948 --- [           main] o.s.b.a.e.web.EndpointLinksResolver      : Exposing 1 endpoint(s) beneath base path '/actuator'
2025-07-21T14:53:26.888-05:00  INFO 21948 --- [           main] c.p.billing.BasicApplicationTests        : Started BasicApplicationTests in 20.979 seconds (process running for 23.686)
]]></system-out>
  </testcase>
</testsuite>